2024-09-01T21:20:28.537+08:00  INFO 18648 --- [main] com.example.demo.SpringBlogApplication   : Starting SpringBlogApplication using Java 17.0.11 with PID 18648 (D:\gitte\GitHub_Project\spring_blog\target\classes started by lenovo in D:\gitte\GitHub_Project\spring_blog)
2024-09-01T21:20:28.546+08:00  INFO 18648 --- [main] com.example.demo.SpringBlogApplication   : The following 1 profile is active: "prod"
2024-09-01T21:20:30.188+08:00  INFO 18648 --- [main] o.s.b.w.embedded.tomcat.TomcatWebServer  : Tomcat initialized with port 8080 (http)
2024-09-01T21:20:30.209+08:00  INFO 18648 --- [main] o.apache.catalina.core.StandardService   : Starting service [Tomcat]
2024-09-01T21:20:30.209+08:00  INFO 18648 --- [main] o.apache.catalina.core.StandardEngine    : Starting Servlet engine: [Apache Tomcat/10.1.26]
2024-09-01T21:20:30.282+08:00  INFO 18648 --- [main] o.a.c.c.C.[Tomcat].[localhost].[/]       : Initializing Spring embedded WebApplicationContext
2024-09-01T21:20:30.283+08:00  INFO 18648 --- [main] w.s.c.ServletWebServerApplicationContext : Root WebApplicationContext: initialization completed in 1673 ms
2024-09-01T21:20:31.029+08:00  INFO 18648 --- [main] o.s.b.w.embedded.tomcat.TomcatWebServer  : Tomcat started on port 8080 (http) with context path '/'
2024-09-01T21:20:31.042+08:00  INFO 18648 --- [main] com.example.demo.SpringBlogApplication   : Started SpringBlogApplication in 3.055 seconds (process running for 3.505)
2024-09-01T21:21:13.437+08:00  INFO 18648 --- [http-nio-8080-exec-1] o.a.c.c.C.[Tomcat].[localhost].[/]       : Initializing Spring DispatcherServlet 'dispatcherServlet'
2024-09-01T21:21:13.437+08:00  INFO 18648 --- [http-nio-8080-exec-1] o.s.web.servlet.DispatcherServlet        : Initializing Servlet 'dispatcherServlet'
2024-09-01T21:21:13.438+08:00  INFO 18648 --- [http-nio-8080-exec-1] o.s.web.servlet.DispatcherServlet        : Completed initialization in 1 ms
2024-09-01T21:21:27.848+08:00  INFO 18648 --- [http-nio-8080-exec-6] com.zaxxer.hikari.HikariDataSource       : HikariPool-1 - Starting...
2024-09-01T21:21:29.046+08:00  INFO 18648 --- [http-nio-8080-exec-6] c.e.demo.interceptor.LoginInterceptor    : 从header中获取token：null
2024-09-01T21:21:29.054+08:00  INFO 18648 --- [http-nio-8080-exec-6] c.e.demo.interceptor.LoginInterceptor    : 获取claims：null
2024-09-01T21:21:29.711+08:00  INFO 18648 --- [http-nio-8080-exec-7] com.zaxxer.hikari.HikariDataSource       : HikariPool-1 - Starting...
2024-09-01T21:21:30.718+08:00  INFO 18648 --- [http-nio-8080-exec-8] com.zaxxer.hikari.HikariDataSource       : HikariPool-1 - Starting...
2024-09-01T21:21:30.721+08:00  INFO 18648 --- [http-nio-8080-exec-7] c.e.demo.interceptor.LoginInterceptor    : 从header中获取token：null
2024-09-01T21:21:30.721+08:00  INFO 18648 --- [http-nio-8080-exec-7] c.e.demo.interceptor.LoginInterceptor    : 获取claims：null
2024-09-01T21:21:31.732+08:00  INFO 18648 --- [http-nio-8080-exec-1] com.zaxxer.hikari.HikariDataSource       : HikariPool-1 - Starting...
2024-09-01T21:21:31.734+08:00  INFO 18648 --- [http-nio-8080-exec-8] c.e.demo.interceptor.LoginInterceptor    : 从header中获取token：null
2024-09-01T21:21:31.734+08:00  INFO 18648 --- [http-nio-8080-exec-8] c.e.demo.interceptor.LoginInterceptor    : 获取claims：null
2024-09-01T21:21:32.747+08:00  INFO 18648 --- [http-nio-8080-exec-10] com.zaxxer.hikari.HikariDataSource       : HikariPool-1 - Starting...
2024-09-01T21:21:32.752+08:00  INFO 18648 --- [http-nio-8080-exec-1] c.e.demo.interceptor.LoginInterceptor    : 从header中获取token：null
2024-09-01T21:21:32.752+08:00  INFO 18648 --- [http-nio-8080-exec-1] c.e.demo.interceptor.LoginInterceptor    : 获取claims：null
2024-09-01T21:21:33.758+08:00  INFO 18648 --- [http-nio-8080-exec-9] com.zaxxer.hikari.HikariDataSource       : HikariPool-1 - Starting...
2024-09-01T21:21:33.761+08:00  INFO 18648 --- [http-nio-8080-exec-10] c.e.demo.interceptor.LoginInterceptor    : 从header中获取token：null
2024-09-01T21:21:33.762+08:00  INFO 18648 --- [http-nio-8080-exec-10] c.e.demo.interceptor.LoginInterceptor    : 获取claims：null
2024-09-01T21:21:34.778+08:00  INFO 18648 --- [http-nio-8080-exec-9] c.e.demo.interceptor.LoginInterceptor    : 从header中获取token：null
2024-09-01T21:21:34.779+08:00  INFO 18648 --- [http-nio-8080-exec-9] c.e.demo.interceptor.LoginInterceptor    : 获取claims：null
2024-09-01T21:21:46.172+08:00  INFO 18648 --- [http-nio-8080-exec-2] com.zaxxer.hikari.HikariDataSource       : HikariPool-1 - Starting...
2024-09-01T21:21:47.183+08:00  INFO 18648 --- [http-nio-8080-exec-4] com.zaxxer.hikari.HikariDataSource       : HikariPool-1 - Starting...
2024-09-01T21:21:47.185+08:00  INFO 18648 --- [http-nio-8080-exec-2] c.e.demo.interceptor.LoginInterceptor    : 从header中获取token：null
2024-09-01T21:21:47.185+08:00  INFO 18648 --- [http-nio-8080-exec-2] c.e.demo.interceptor.LoginInterceptor    : 获取claims：null
2024-09-01T21:21:48.187+08:00  INFO 18648 --- [http-nio-8080-exec-3] com.zaxxer.hikari.HikariDataSource       : HikariPool-1 - Starting...
2024-09-01T21:21:48.189+08:00  INFO 18648 --- [http-nio-8080-exec-4] c.e.demo.interceptor.LoginInterceptor    : 从header中获取token：null
2024-09-01T21:21:48.189+08:00  INFO 18648 --- [http-nio-8080-exec-4] c.e.demo.interceptor.LoginInterceptor    : 获取claims：null
2024-09-01T21:21:49.203+08:00  INFO 18648 --- [http-nio-8080-exec-3] c.e.demo.interceptor.LoginInterceptor    : 从header中获取token：null
2024-09-01T21:21:49.203+08:00  INFO 18648 --- [http-nio-8080-exec-3] c.e.demo.interceptor.LoginInterceptor    : 获取claims：null
2024-09-01T21:21:51.847+08:00  INFO 18648 --- [http-nio-8080-exec-5] com.zaxxer.hikari.HikariDataSource       : HikariPool-1 - Starting...
2024-09-01T21:21:52.853+08:00  INFO 18648 --- [http-nio-8080-exec-7] com.zaxxer.hikari.HikariDataSource       : HikariPool-1 - Starting...
2024-09-01T21:21:52.855+08:00  INFO 18648 --- [http-nio-8080-exec-5] c.e.demo.interceptor.LoginInterceptor    : 从header中获取token：null
2024-09-01T21:21:52.856+08:00  INFO 18648 --- [http-nio-8080-exec-5] c.e.demo.interceptor.LoginInterceptor    : 获取claims：null
2024-09-01T21:21:53.861+08:00  INFO 18648 --- [http-nio-8080-exec-6] com.zaxxer.hikari.HikariDataSource       : HikariPool-1 - Starting...
2024-09-01T21:21:53.864+08:00  INFO 18648 --- [http-nio-8080-exec-7] c.e.demo.interceptor.LoginInterceptor    : 从header中获取token：null
2024-09-01T21:21:53.864+08:00  INFO 18648 --- [http-nio-8080-exec-7] c.e.demo.interceptor.LoginInterceptor    : 获取claims：null
2024-09-01T21:21:54.877+08:00  INFO 18648 --- [http-nio-8080-exec-6] c.e.demo.interceptor.LoginInterceptor    : 从header中获取token：null
2024-09-01T21:21:54.878+08:00  INFO 18648 --- [http-nio-8080-exec-6] c.e.demo.interceptor.LoginInterceptor    : 获取claims：null
2024-09-01T21:22:13.971+08:00  INFO 18648 --- [http-nio-8080-exec-10] com.zaxxer.hikari.HikariDataSource       : HikariPool-1 - Starting...
2024-09-01T21:22:14.990+08:00  INFO 18648 --- [http-nio-8080-exec-10] c.e.demo.interceptor.LoginInterceptor    : 从header中获取token：null
2024-09-01T21:22:14.990+08:00  INFO 18648 --- [http-nio-8080-exec-10] c.e.demo.interceptor.LoginInterceptor    : 获取claims：null
2024-09-01T21:23:00.641+08:00  INFO 21584 --- [main] com.example.demo.SpringBlogApplication   : Starting SpringBlogApplication using Java 17.0.11 with PID 21584 (D:\gitte\GitHub_Project\spring_blog\target\classes started by lenovo in D:\gitte\GitHub_Project\spring_blog)
2024-09-01T21:23:00.644+08:00  INFO 21584 --- [main] com.example.demo.SpringBlogApplication   : The following 1 profile is active: "dev"
2024-09-01T21:23:01.732+08:00  INFO 21584 --- [main] o.s.b.w.embedded.tomcat.TomcatWebServer  : Tomcat initialized with port 8080 (http)
2024-09-01T21:23:01.740+08:00  INFO 21584 --- [main] o.apache.catalina.core.StandardService   : Starting service [Tomcat]
2024-09-01T21:23:01.741+08:00  INFO 21584 --- [main] o.apache.catalina.core.StandardEngine    : Starting Servlet engine: [Apache Tomcat/10.1.26]
2024-09-01T21:23:01.814+08:00  INFO 21584 --- [main] o.a.c.c.C.[Tomcat].[localhost].[/]       : Initializing Spring embedded WebApplicationContext
2024-09-01T21:23:01.814+08:00  INFO 21584 --- [main] w.s.c.ServletWebServerApplicationContext : Root WebApplicationContext: initialization completed in 1120 ms
2024-09-01T21:23:02.435+08:00  INFO 21584 --- [main] o.s.b.w.embedded.tomcat.TomcatWebServer  : Tomcat started on port 8080 (http) with context path '/'
2024-09-01T21:23:02.444+08:00  INFO 21584 --- [main] com.example.demo.SpringBlogApplication   : Started SpringBlogApplication in 2.266 seconds (process running for 2.691)
2024-09-01T21:23:08.438+08:00  INFO 21584 --- [http-nio-8080-exec-1] o.a.c.c.C.[Tomcat].[localhost].[/]       : Initializing Spring DispatcherServlet 'dispatcherServlet'
2024-09-01T21:23:08.438+08:00  INFO 21584 --- [http-nio-8080-exec-1] o.s.web.servlet.DispatcherServlet        : Initializing Servlet 'dispatcherServlet'
2024-09-01T21:23:08.439+08:00  INFO 21584 --- [http-nio-8080-exec-1] o.s.web.servlet.DispatcherServlet        : Completed initialization in 1 ms
2024-09-01T21:23:08.550+08:00  INFO 21584 --- [http-nio-8080-exec-2] c.e.demo.interceptor.LoginInterceptor    : 从header中获取token：null
2024-09-01T21:23:08.562+08:00  INFO 21584 --- [http-nio-8080-exec-2] c.e.demo.interceptor.LoginInterceptor    : 获取claims：null
2024-09-01T21:23:13.778+08:00  INFO 21584 --- [http-nio-8080-exec-3] com.zaxxer.hikari.HikariDataSource       : HikariPool-1 - Starting...
2024-09-01T21:23:13.904+08:00  INFO 21584 --- [http-nio-8080-exec-3] com.zaxxer.hikari.pool.HikariPool        : HikariPool-1 - Added connection com.mysql.cj.jdbc.ConnectionImpl@6c31ff82
2024-09-01T21:23:13.906+08:00  INFO 21584 --- [http-nio-8080-exec-3] com.zaxxer.hikari.HikariDataSource       : HikariPool-1 - Start completed.
2024-09-01T21:23:14.466+08:00  INFO 21584 --- [http-nio-8080-exec-9] c.e.demo.interceptor.LoginInterceptor    : 从header中获取token：eyJhbGciOiJIUzI1NiJ9.eyJpZCI6MSwidXNlcm5hbWUiOiJ6aGFuZ3NhbiIsImlhdCI6MTcyNTE5Njk5MywiZXhwIjoxNzI1MTk4NzkzfQ.WmJkrPjDAG3USmZUpyMdM1en7qsb_paI2IfOyY1J-4M
2024-09-01T21:23:14.466+08:00  INFO 21584 --- [http-nio-8080-exec-10] c.e.demo.interceptor.LoginInterceptor    : 从header中获取token：eyJhbGciOiJIUzI1NiJ9.eyJpZCI6MSwidXNlcm5hbWUiOiJ6aGFuZ3NhbiIsImlhdCI6MTcyNTE5Njk5MywiZXhwIjoxNzI1MTk4NzkzfQ.WmJkrPjDAG3USmZUpyMdM1en7qsb_paI2IfOyY1J-4M
2024-09-01T21:23:14.468+08:00  INFO 21584 --- [http-nio-8080-exec-1] c.e.demo.interceptor.LoginInterceptor    : 从header中获取token：null
2024-09-01T21:23:14.468+08:00  INFO 21584 --- [http-nio-8080-exec-1] c.e.demo.interceptor.LoginInterceptor    : 获取claims：null
2024-09-01T21:23:14.503+08:00  INFO 21584 --- [http-nio-8080-exec-10] c.e.demo.interceptor.LoginInterceptor    : 获取claims：{id=1, username=zhangsan, iat=1725196993, exp=1725198793}
2024-09-01T21:23:14.503+08:00  INFO 21584 --- [http-nio-8080-exec-9] c.e.demo.interceptor.LoginInterceptor    : 获取claims：{id=1, username=zhangsan, iat=1725196993, exp=1725198793}
2024-09-01T21:23:14.504+08:00  INFO 21584 --- [http-nio-8080-exec-10] c.e.demo.interceptor.LoginInterceptor    : token验证成功，放行
2024-09-01T21:23:14.504+08:00  INFO 21584 --- [http-nio-8080-exec-9] c.e.demo.interceptor.LoginInterceptor    : token验证成功，放行
2024-09-01T21:23:14.504+08:00  INFO 21584 --- [http-nio-8080-exec-9] c.e.demo.controller.UserController       : token:eyJhbGciOiJIUzI1NiJ9.eyJpZCI6MSwidXNlcm5hbWUiOiJ6aGFuZ3NhbiIsImlhdCI6MTcyNTE5Njk5MywiZXhwIjoxNzI1MTk4NzkzfQ.WmJkrPjDAG3USmZUpyMdM1en7qsb_paI2IfOyY1J-4M
2024-09-01T21:23:14.506+08:00  INFO 21584 --- [http-nio-8080-exec-9] c.e.demo.controller.UserController       : 当前用户userId:1
2024-09-01T21:23:14.515+08:00  INFO 21584 --- [http-nio-8080-exec-9] c.e.demo.controller.UserController       : 打印UserInfo:{}UserInfo(id=1, password=d656a5722d1d4a71a63aec52f87ee2c64b5b6cd35da51b42db314e440b78e74c, userName=zhangsan, githubUrl=https://gitee.com/bubble-fish666/class-java45, deleteFlag=0, createTime=Sun Aug 04 16:33:54 CST 2024, updateTime=null)
2024-09-01T21:23:31.229+08:00  INFO 21584 --- [http-nio-8080-exec-8] c.e.demo.interceptor.LoginInterceptor    : 从header中获取token：eyJhbGciOiJIUzI1NiJ9.eyJpZCI6MSwidXNlcm5hbWUiOiJ6aGFuZ3NhbiIsImlhdCI6MTcyNTE5Njk5MywiZXhwIjoxNzI1MTk4NzkzfQ.WmJkrPjDAG3USmZUpyMdM1en7qsb_paI2IfOyY1J-4M
2024-09-01T21:23:31.232+08:00  INFO 21584 --- [http-nio-8080-exec-1] c.e.demo.interceptor.LoginInterceptor    : 从header中获取token：null
2024-09-01T21:23:31.233+08:00  INFO 21584 --- [http-nio-8080-exec-1] c.e.demo.interceptor.LoginInterceptor    : 获取claims：null
2024-09-01T21:23:31.233+08:00  INFO 21584 --- [http-nio-8080-exec-8] c.e.demo.interceptor.LoginInterceptor    : 获取claims：{id=1, username=zhangsan, iat=1725196993, exp=1725198793}
2024-09-01T21:23:31.233+08:00  INFO 21584 --- [http-nio-8080-exec-8] c.e.demo.interceptor.LoginInterceptor    : token验证成功，放行
2024-09-01T21:23:31.234+08:00  INFO 21584 --- [http-nio-8080-exec-8] c.e.demo.controller.UserController       : 走到这里
2024-09-01T21:23:31.237+08:00  INFO 21584 --- [http-nio-8080-exec-10] c.e.demo.interceptor.LoginInterceptor    : 从header中获取token：eyJhbGciOiJIUzI1NiJ9.eyJpZCI6MSwidXNlcm5hbWUiOiJ6aGFuZ3NhbiIsImlhdCI6MTcyNTE5Njk5MywiZXhwIjoxNzI1MTk4NzkzfQ.WmJkrPjDAG3USmZUpyMdM1en7qsb_paI2IfOyY1J-4M
2024-09-01T21:23:31.240+08:00  INFO 21584 --- [http-nio-8080-exec-10] c.e.demo.interceptor.LoginInterceptor    : 获取claims：{id=1, username=zhangsan, iat=1725196993, exp=1725198793}
2024-09-01T21:23:31.240+08:00  INFO 21584 --- [http-nio-8080-exec-10] c.e.demo.interceptor.LoginInterceptor    : token验证成功，放行
2024-09-01T21:23:31.241+08:00  INFO 21584 --- [http-nio-8080-exec-8] c.e.demo.controller.UserController       : 打印UserInfo(id=1, password=d656a5722d1d4a71a63aec52f87ee2c64b5b6cd35da51b42db314e440b78e74c, userName=zhangsan, githubUrl=https://gitee.com/bubble-fish666/class-java45, deleteFlag=0, createTime=Sun Aug 04 16:33:54 CST 2024, updateTime=null)
2024-09-01T21:23:34.333+08:00  INFO 21584 --- [http-nio-8080-exec-9] c.e.demo.interceptor.LoginInterceptor    : 从header中获取token：null
2024-09-01T21:23:34.333+08:00  INFO 21584 --- [http-nio-8080-exec-9] c.e.demo.interceptor.LoginInterceptor    : 获取claims：null
2024-09-01T21:23:35.485+08:00  INFO 21584 --- [http-nio-8080-exec-3] c.e.demo.interceptor.LoginInterceptor    : 从header中获取token：null
2024-09-01T21:23:35.485+08:00  INFO 21584 --- [http-nio-8080-exec-3] c.e.demo.interceptor.LoginInterceptor    : 获取claims：null
2024-09-01T21:23:35.641+08:00  INFO 21584 --- [http-nio-8080-exec-5] c.e.demo.interceptor.LoginInterceptor    : 从header中获取token：eyJhbGciOiJIUzI1NiJ9.eyJpZCI6MSwidXNlcm5hbWUiOiJ6aGFuZ3NhbiIsImlhdCI6MTcyNTE5Njk5MywiZXhwIjoxNzI1MTk4NzkzfQ.WmJkrPjDAG3USmZUpyMdM1en7qsb_paI2IfOyY1J-4M
2024-09-01T21:23:35.641+08:00  INFO 21584 --- [http-nio-8080-exec-4] c.e.demo.interceptor.LoginInterceptor    : 从header中获取token：eyJhbGciOiJIUzI1NiJ9.eyJpZCI6MSwidXNlcm5hbWUiOiJ6aGFuZ3NhbiIsImlhdCI6MTcyNTE5Njk5MywiZXhwIjoxNzI1MTk4NzkzfQ.WmJkrPjDAG3USmZUpyMdM1en7qsb_paI2IfOyY1J-4M
2024-09-01T21:23:35.644+08:00  INFO 21584 --- [http-nio-8080-exec-4] c.e.demo.interceptor.LoginInterceptor    : 获取claims：{id=1, username=zhangsan, iat=1725196993, exp=1725198793}
2024-09-01T21:23:35.644+08:00  INFO 21584 --- [http-nio-8080-exec-5] c.e.demo.interceptor.LoginInterceptor    : 获取claims：{id=1, username=zhangsan, iat=1725196993, exp=1725198793}
2024-09-01T21:23:35.644+08:00  INFO 21584 --- [http-nio-8080-exec-4] c.e.demo.interceptor.LoginInterceptor    : token验证成功，放行
2024-09-01T21:23:35.644+08:00  INFO 21584 --- [http-nio-8080-exec-5] c.e.demo.interceptor.LoginInterceptor    : token验证成功，放行
2024-09-01T21:23:35.644+08:00  INFO 21584 --- [http-nio-8080-exec-4] c.e.demo.controller.UserController       : 走到这里
2024-09-01T21:23:35.650+08:00  INFO 21584 --- [http-nio-8080-exec-4] c.e.demo.controller.UserController       : 打印UserInfo(id=2, password=d656a5722d1d4a71a63aec52f87ee2c64b5b6cd35da51b42db314e440b78e74c, userName=lisi, githubUrl=https://gitee.com/bubble-fish666/class-java45, deleteFlag=0, createTime=Sun Aug 04 16:33:54 CST 2024, updateTime=null)
2024-09-01T21:23:37.523+08:00  INFO 21584 --- [http-nio-8080-exec-6] c.e.demo.interceptor.LoginInterceptor    : 从header中获取token：null
2024-09-01T21:23:37.523+08:00  INFO 21584 --- [http-nio-8080-exec-6] c.e.demo.interceptor.LoginInterceptor    : 获取claims：null
2024-09-01T21:31:08.426+08:00  INFO 21584 --- [http-nio-8080-exec-1] c.e.demo.interceptor.LoginInterceptor    : 从header中获取token：eyJhbGciOiJIUzI1NiJ9.eyJpZCI6MSwidXNlcm5hbWUiOiJ6aGFuZ3NhbiIsImlhdCI6MTcyNTE5Njk5MywiZXhwIjoxNzI1MTk4NzkzfQ.WmJkrPjDAG3USmZUpyMdM1en7qsb_paI2IfOyY1J-4M
2024-09-01T21:31:08.430+08:00  INFO 21584 --- [http-nio-8080-exec-1] c.e.demo.interceptor.LoginInterceptor    : 获取claims：{id=1, username=zhangsan, iat=1725196993, exp=1725198793}
2024-09-01T21:31:08.431+08:00  INFO 21584 --- [http-nio-8080-exec-1] c.e.demo.interceptor.LoginInterceptor    : token验证成功，放行
2024-09-01T21:31:08.431+08:00  INFO 21584 --- [http-nio-8080-exec-8] c.e.demo.interceptor.LoginInterceptor    : 从header中获取token：eyJhbGciOiJIUzI1NiJ9.eyJpZCI6MSwidXNlcm5hbWUiOiJ6aGFuZ3NhbiIsImlhdCI6MTcyNTE5Njk5MywiZXhwIjoxNzI1MTk4NzkzfQ.WmJkrPjDAG3USmZUpyMdM1en7qsb_paI2IfOyY1J-4M
2024-09-01T21:31:08.431+08:00  INFO 21584 --- [http-nio-8080-exec-1] c.e.demo.controller.UserController       : token:eyJhbGciOiJIUzI1NiJ9.eyJpZCI6MSwidXNlcm5hbWUiOiJ6aGFuZ3NhbiIsImlhdCI6MTcyNTE5Njk5MywiZXhwIjoxNzI1MTk4NzkzfQ.WmJkrPjDAG3USmZUpyMdM1en7qsb_paI2IfOyY1J-4M
2024-09-01T21:31:08.434+08:00  INFO 21584 --- [http-nio-8080-exec-1] c.e.demo.controller.UserController       : 当前用户userId:1
2024-09-01T21:31:08.434+08:00  INFO 21584 --- [http-nio-8080-exec-8] c.e.demo.interceptor.LoginInterceptor    : 获取claims：{id=1, username=zhangsan, iat=1725196993, exp=1725198793}
2024-09-01T21:31:08.435+08:00  INFO 21584 --- [http-nio-8080-exec-8] c.e.demo.interceptor.LoginInterceptor    : token验证成功，放行
2024-09-01T21:31:08.441+08:00  INFO 21584 --- [http-nio-8080-exec-1] c.e.demo.controller.UserController       : 打印UserInfo:{}UserInfo(id=1, password=d656a5722d1d4a71a63aec52f87ee2c64b5b6cd35da51b42db314e440b78e74c, userName=zhangsan, githubUrl=https://gitee.com/bubble-fish666/class-java45, deleteFlag=0, createTime=Sun Aug 04 16:33:54 CST 2024, updateTime=null)
2024-09-01T21:31:08.443+08:00  INFO 21584 --- [http-nio-8080-exec-10] c.e.demo.interceptor.LoginInterceptor    : 从header中获取token：null
2024-09-01T21:31:08.444+08:00  INFO 21584 --- [http-nio-8080-exec-10] c.e.demo.interceptor.LoginInterceptor    : 获取claims：null
2024-09-01T21:31:14.404+08:00  INFO 21584 --- [http-nio-8080-exec-10] c.e.demo.interceptor.LoginInterceptor    : 从header中获取token：eyJhbGciOiJIUzI1NiJ9.eyJpZCI6MSwidXNlcm5hbWUiOiJ6aGFuZ3NhbiIsImlhdCI6MTcyNTE5Njk5MywiZXhwIjoxNzI1MTk4NzkzfQ.WmJkrPjDAG3USmZUpyMdM1en7qsb_paI2IfOyY1J-4M
2024-09-01T21:31:14.407+08:00  INFO 21584 --- [http-nio-8080-exec-10] c.e.demo.interceptor.LoginInterceptor    : 获取claims：{id=1, username=zhangsan, iat=1725196993, exp=1725198793}
2024-09-01T21:31:14.409+08:00  INFO 21584 --- [http-nio-8080-exec-10] c.e.demo.interceptor.LoginInterceptor    : token验证成功，放行
2024-09-01T21:31:14.410+08:00  INFO 21584 --- [http-nio-8080-exec-10] c.e.demo.controller.UserController       : token:eyJhbGciOiJIUzI1NiJ9.eyJpZCI6MSwidXNlcm5hbWUiOiJ6aGFuZ3NhbiIsImlhdCI6MTcyNTE5Njk5MywiZXhwIjoxNzI1MTk4NzkzfQ.WmJkrPjDAG3USmZUpyMdM1en7qsb_paI2IfOyY1J-4M
2024-09-01T21:31:14.413+08:00  INFO 21584 --- [http-nio-8080-exec-2] c.e.demo.interceptor.LoginInterceptor    : 从header中获取token：null
2024-09-01T21:31:14.412+08:00  INFO 21584 --- [http-nio-8080-exec-8] c.e.demo.interceptor.LoginInterceptor    : 从header中获取token：eyJhbGciOiJIUzI1NiJ9.eyJpZCI6MSwidXNlcm5hbWUiOiJ6aGFuZ3NhbiIsImlhdCI6MTcyNTE5Njk5MywiZXhwIjoxNzI1MTk4NzkzfQ.WmJkrPjDAG3USmZUpyMdM1en7qsb_paI2IfOyY1J-4M
2024-09-01T21:31:14.413+08:00  INFO 21584 --- [http-nio-8080-exec-2] c.e.demo.interceptor.LoginInterceptor    : 获取claims：null
2024-09-01T21:31:14.413+08:00  INFO 21584 --- [http-nio-8080-exec-10] c.e.demo.controller.UserController       : 当前用户userId:1
2024-09-01T21:31:14.419+08:00  INFO 21584 --- [http-nio-8080-exec-10] c.e.demo.controller.UserController       : 打印UserInfo:{}UserInfo(id=1, password=d656a5722d1d4a71a63aec52f87ee2c64b5b6cd35da51b42db314e440b78e74c, userName=zhangsan, githubUrl=https://gitee.com/bubble-fish666/class-java45, deleteFlag=0, createTime=Sun Aug 04 16:33:54 CST 2024, updateTime=null)
2024-09-01T21:31:14.422+08:00  INFO 21584 --- [http-nio-8080-exec-8] c.e.demo.interceptor.LoginInterceptor    : 获取claims：{id=1, username=zhangsan, iat=1725196993, exp=1725198793}
2024-09-01T21:31:14.422+08:00  INFO 21584 --- [http-nio-8080-exec-8] c.e.demo.interceptor.LoginInterceptor    : token验证成功，放行
2024-09-01T21:34:31.209+08:00  INFO 21584 --- [SpringApplicationShutdownHook] com.zaxxer.hikari.HikariDataSource       : HikariPool-1 - Shutdown initiated...
2024-09-01T21:34:31.218+08:00  INFO 21584 --- [SpringApplicationShutdownHook] com.zaxxer.hikari.HikariDataSource       : HikariPool-1 - Shutdown completed.
2024-09-01T21:34:33.312+08:00  INFO 7148 --- [main] com.example.demo.SpringBlogApplication   : Starting SpringBlogApplication using Java 17.0.11 with PID 7148 (D:\gitte\GitHub_Project\spring_blog\target\classes started by lenovo in D:\gitte\GitHub_Project\spring_blog)
2024-09-01T21:34:33.315+08:00  INFO 7148 --- [main] com.example.demo.SpringBlogApplication   : The following 1 profile is active: "dev"
2024-09-01T21:34:34.452+08:00  INFO 7148 --- [main] o.s.b.w.embedded.tomcat.TomcatWebServer  : Tomcat initialized with port 8080 (http)
2024-09-01T21:34:34.463+08:00  INFO 7148 --- [main] o.apache.catalina.core.StandardService   : Starting service [Tomcat]
2024-09-01T21:34:34.463+08:00  INFO 7148 --- [main] o.apache.catalina.core.StandardEngine    : Starting Servlet engine: [Apache Tomcat/10.1.26]
2024-09-01T21:34:34.533+08:00  INFO 7148 --- [main] o.a.c.c.C.[Tomcat].[localhost].[/]       : Initializing Spring embedded WebApplicationContext
2024-09-01T21:34:34.533+08:00  INFO 7148 --- [main] w.s.c.ServletWebServerApplicationContext : Root WebApplicationContext: initialization completed in 1165 ms
2024-09-01T21:34:35.147+08:00  INFO 7148 --- [main] o.s.b.w.embedded.tomcat.TomcatWebServer  : Tomcat started on port 8080 (http) with context path '/'
2024-09-01T21:34:35.155+08:00  INFO 7148 --- [main] com.example.demo.SpringBlogApplication   : Started SpringBlogApplication in 2.294 seconds (process running for 2.677)
